This file contains any messages produced by compilers while
running configure, to aid debugging if configure makes a mistake.

It was created by configure, which was
generated by GNU Autoconf 2.65.  Invocation command line was

  $ ./configure 

## --------- ##
## Platform. ##
## --------- ##

hostname = sector7
uname -m = x86_64
uname -r = 3.6.3
uname -s = Linux
uname -v = #1 SMP Sun Oct 28 11:16:45 CET 2012

/usr/bin/uname -p = Intel(R) Core(TM) i7 CPU         860  @ 2.80GHz
/bin/uname -X     = unknown

/bin/arch              = x86_64
/usr/bin/arch -k       = unknown
/usr/convex/getsysinfo = unknown
/usr/bin/hostinfo      = unknown
/bin/machine           = unknown
/usr/bin/oslevel       = unknown
/bin/universe          = unknown

PATH: /usr/sbin
PATH: /sbin
PATH: /usr/mysql/bin
PATH: /usr/bin
PATH: /bin
PATH: /usr/lib64/java/bin
PATH: /usr/lib64/qt/bin
PATH: /usr/share/texmf/bin


## ----------- ##
## Core tests. ##
## ----------- ##

configure:2117: checking for gcc
configure:2133: found /usr/bin/gcc
configure:2144: result: gcc
configure:2373: checking for C compiler version
configure:2382: gcc --version >&5
gcc (GCC) 4.4.4
Copyright (C) 2010 Free Software Foundation, Inc.
This is free software; see the source for copying conditions.  There is NO
warranty; not even for MERCHANTABILITY or FITNESS FOR A PARTICULAR PURPOSE.

configure:2393: $? = 0
configure:2382: gcc -v >&5
Reading specs from /usr/lib64/gcc/x86_64-slackware-linux/4.4.4/specs
Target: x86_64-slackware-linux
Configured with: ../gcc-4.4.4/configure --prefix=/usr --libdir=/usr/lib64 --enable-shared --enable-bootstrap --enable-languages=ada,c,c++,fortran,java,objc --enable-threads=posix --enable-checking=release --with-system-zlib --with-python-dir=/lib64/python2.6/site-packages --disable-libunwind-exceptions --enable-__cxa_atexit --enable-libssp --with-gnu-ld --verbose --disable-multilib --target=x86_64-slackware-linux --build=x86_64-slackware-linux --host=x86_64-slackware-linux
Thread model: posix
gcc version 4.4.4 (GCC) 
configure:2393: $? = 0
configure:2382: gcc -V >&5
gcc: '-V' option must have argument
configure:2393: $? = 1
configure:2382: gcc -qversion >&5
gcc: unrecognized option '-qversion'
gcc: no input files
configure:2393: $? = 1
configure:2413: checking whether the C compiler works
configure:2435: gcc -O2   conftest.c  >&5
configure:2439: $? = 0
configure:2488: result: yes
configure:2491: checking for C compiler default output file name
configure:2493: result: a.out
configure:2499: checking for suffix of executables
configure:2506: gcc -o conftest -O2   conftest.c  >&5
configure:2510: $? = 0
configure:2532: result: 
configure:2554: checking whether we are cross compiling
configure:2562: gcc -o conftest -O2   conftest.c  >&5
configure:2566: $? = 0
configure:2573: ./conftest
configure:2577: $? = 0
configure:2592: result: no
configure:2597: checking for suffix of object files
configure:2619: gcc -c -O2  conftest.c >&5
configure:2623: $? = 0
configure:2644: result: o
configure:2648: checking whether we are using the GNU C compiler
configure:2667: gcc -c -O2  conftest.c >&5
configure:2667: $? = 0
configure:2676: result: yes
configure:2685: checking whether gcc accepts -g
configure:2705: gcc -c -g  conftest.c >&5
configure:2705: $? = 0
configure:2746: result: yes
configure:2763: checking for gcc option to accept ISO C89
configure:2827: gcc  -c -O2  conftest.c >&5
configure:2827: $? = 0
configure:2840: result: none needed
configure:2862: checking whether to compile LIRCD remote control code
configure:2872: result: yes
configure:2884: checking for x86 assembler instructions
configure:2903: gcc -c -O2  conftest.c >&5
configure:2903: $? = 0
configure:2906: result: yes
configure:2922: checking for ioperm
configure:2922: gcc -o conftest -O2   conftest.c  >&5
configure:2922: $? = 0
configure:2922: result: yes
configure:2928: checking whether to compile LPT remote control code
configure:2941: result: yes
configure:2961: checking whether to compile with gpm if available
configure:2976: checking how to run the C preprocessor
configure:3007: gcc -E  conftest.c
configure:3007: $? = 0
configure:3021: gcc -E  conftest.c
conftest.c:10:28: error: ac_nonexistent.h: No such file or directory
configure:3021: $? = 1
configure: failed program was:
| /* confdefs.h */
| #define PACKAGE_NAME ""
| #define PACKAGE_TARNAME ""
| #define PACKAGE_VERSION ""
| #define PACKAGE_STRING ""
| #define PACKAGE_BUGREPORT ""
| #define PACKAGE_URL ""
| #define HAVE_IOPERM 1
| /* end confdefs.h.  */
| #include <ac_nonexistent.h>
configure:3046: result: gcc -E
configure:3066: gcc -E  conftest.c
configure:3066: $? = 0
configure:3080: gcc -E  conftest.c
conftest.c:10:28: error: ac_nonexistent.h: No such file or directory
configure:3080: $? = 1
configure: failed program was:
| /* confdefs.h */
| #define PACKAGE_NAME ""
| #define PACKAGE_TARNAME ""
| #define PACKAGE_VERSION ""
| #define PACKAGE_STRING ""
| #define PACKAGE_BUGREPORT ""
| #define PACKAGE_URL ""
| #define HAVE_IOPERM 1
| /* end confdefs.h.  */
| #include <ac_nonexistent.h>
configure:3109: checking for grep that handles long lines and -e
configure:3167: result: /usr/bin/grep
configure:3172: checking for egrep
configure:3234: result: /usr/bin/grep -E
configure:3239: checking for ANSI C header files
configure:3259: gcc -c -O2  conftest.c >&5
configure:3259: $? = 0
configure:3332: gcc -o conftest -O2   conftest.c  >&5
configure:3332: $? = 0
configure:3332: ./conftest
configure:3332: $? = 0
configure:3343: result: yes
configure:3356: checking for sys/types.h
configure:3356: gcc -c -O2  conftest.c >&5
configure:3356: $? = 0
configure:3356: result: yes
configure:3356: checking for sys/stat.h
configure:3356: gcc -c -O2  conftest.c >&5
configure:3356: $? = 0
configure:3356: result: yes
configure:3356: checking for stdlib.h
configure:3356: gcc -c -O2  conftest.c >&5
configure:3356: $? = 0
configure:3356: result: yes
configure:3356: checking for string.h
configure:3356: gcc -c -O2  conftest.c >&5
configure:3356: $? = 0
configure:3356: result: yes
configure:3356: checking for memory.h
configure:3356: gcc -c -O2  conftest.c >&5
configure:3356: $? = 0
configure:3356: result: yes
configure:3356: checking for strings.h
configure:3356: gcc -c -O2  conftest.c >&5
configure:3356: $? = 0
configure:3356: result: yes
configure:3356: checking for inttypes.h
configure:3356: gcc -c -O2  conftest.c >&5
configure:3356: $? = 0
configure:3356: result: yes
configure:3356: checking for stdint.h
configure:3356: gcc -c -O2  conftest.c >&5
configure:3356: $? = 0
configure:3356: result: yes
configure:3356: checking for unistd.h
configure:3356: gcc -c -O2  conftest.c >&5
configure:3356: $? = 0
configure:3356: result: yes
configure:3371: checking gpm.h usability
configure:3371: gcc -c -O2  conftest.c >&5
configure:3371: $? = 0
configure:3371: result: yes
configure:3371: checking gpm.h presence
configure:3371: gcc -E  conftest.c
configure:3371: $? = 0
configure:3371: result: yes
configure:3371: checking for gpm.h
configure:3371: result: yes
configure:3380: checking for main in -lgpm
configure:3399: gcc -o conftest -O2   conftest.c -lgpm   >&5
configure:3399: $? = 0
configure:3408: result: yes
configure:3480: checking for gzopen in -lz
configure:3505: gcc -o conftest -O2   conftest.c -lz   -lgpm >&5
configure:3505: $? = 0
configure:3514: result: yes
configure:3528: checking termios.h usability
configure:3528: gcc -c -O2  conftest.c >&5
configure:3528: $? = 0
configure:3528: result: yes
configure:3528: checking termios.h presence
configure:3528: gcc -E  conftest.c
configure:3528: $? = 0
configure:3528: result: yes
configure:3528: checking for termios.h
configure:3528: result: yes
configure:3579: checking sys/soundcard.h usability
configure:3579: gcc -c -O2  conftest.c >&5
configure:3579: $? = 0
configure:3579: result: yes
configure:3579: checking sys/soundcard.h presence
configure:3579: gcc -E  conftest.c
configure:3579: $? = 0
configure:3579: result: yes
configure:3579: checking for sys/soundcard.h
configure:3579: result: yes
configure:3594: checking sys/ioctl.h usability
configure:3594: gcc -c -O2  conftest.c >&5
configure:3594: $? = 0
configure:3594: result: yes
configure:3594: checking sys/ioctl.h presence
configure:3594: gcc -E  conftest.c
configure:3594: $? = 0
configure:3594: result: yes
configure:3594: checking for sys/ioctl.h
configure:3594: result: yes
configure:3607: checking utmp.h usability
configure:3607: gcc -c -O2  conftest.c >&5
configure:3607: $? = 0
configure:3607: result: yes
configure:3607: checking utmp.h presence
configure:3607: gcc -E  conftest.c
configure:3607: $? = 0
configure:3607: result: yes
configure:3607: checking for utmp.h
configure:3607: result: yes
configure:3628: checking for external mixer
configure:3640: result: /usr/bin/aumix
configure:3649: checking for old camp binary
configure:3660: result: /usr/bin
configure:3809: creating ./config.status

## ---------------------- ##
## Running config.status. ##
## ---------------------- ##

This file was extended by config.status, which was
generated by GNU Autoconf 2.65.  Invocation command line was

  CONFIG_FILES    = 
  CONFIG_HEADERS  = 
  CONFIG_LINKS    = 
  CONFIG_COMMANDS = 
  $ ./config.status 

on sector7

config.status:728: creating Makefile

## ---------------- ##
## Cache variables. ##
## ---------------- ##

ac_cv_c_compiler_gnu=yes
ac_cv_env_CC_set=
ac_cv_env_CC_value=
ac_cv_env_CFLAGS_set=
ac_cv_env_CFLAGS_value=
ac_cv_env_CPPFLAGS_set=
ac_cv_env_CPPFLAGS_value=
ac_cv_env_CPP_set=
ac_cv_env_CPP_value=
ac_cv_env_LDFLAGS_set=
ac_cv_env_LDFLAGS_value=
ac_cv_env_LIBS_set=
ac_cv_env_LIBS_value=
ac_cv_env_build_alias_set=
ac_cv_env_build_alias_value=
ac_cv_env_host_alias_set=
ac_cv_env_host_alias_value=
ac_cv_env_target_alias_set=
ac_cv_env_target_alias_value=
ac_cv_func_ioperm=yes
ac_cv_header_gpm_h=yes
ac_cv_header_inttypes_h=yes
ac_cv_header_memory_h=yes
ac_cv_header_stdc=yes
ac_cv_header_stdint_h=yes
ac_cv_header_stdlib_h=yes
ac_cv_header_string_h=yes
ac_cv_header_strings_h=yes
ac_cv_header_sys_ioctl_h=yes
ac_cv_header_sys_soundcard_h=yes
ac_cv_header_sys_stat_h=yes
ac_cv_header_sys_types_h=yes
ac_cv_header_termios_h=yes
ac_cv_header_unistd_h=yes
ac_cv_header_utmp_h=yes
ac_cv_lib_gpm_main=yes
ac_cv_lib_z_gzopen=yes
ac_cv_objext=o
ac_cv_path_EGREP='/usr/bin/grep -E'
ac_cv_path_GREP=/usr/bin/grep
ac_cv_prog_CPP='gcc -E'
ac_cv_prog_ac_ct_CC=gcc
ac_cv_prog_cc_c89=
ac_cv_prog_cc_g=yes

## ----------------- ##
## Output variables. ##
## ----------------- ##

CC='gcc'
CFLAGS='-O2'
CPP='gcc -E'
CPPFLAGS=''
DEFINES=' -DLIRCD=\"/dev/lircd\" -DLIRCCFGFILE=\".camp/lircrc\" -DRC_ENABLED -DUSE_GPM_MOUSE -DCUSTOM_RUN=\"/usr/bin/aumix\"'
DEFS='-DPACKAGE_NAME=\"\" -DPACKAGE_TARNAME=\"\" -DPACKAGE_VERSION=\"\" -DPACKAGE_STRING=\"\" -DPACKAGE_BUGREPORT=\"\" -DPACKAGE_URL=\"\" -DHAVE_IOPERM=1 -DSTDC_HEADERS=1 -DHAVE_SYS_TYPES_H=1 -DHAVE_SYS_STAT_H=1 -DHAVE_STDLIB_H=1 -DHAVE_STRING_H=1 -DHAVE_MEMORY_H=1 -DHAVE_STRINGS_H=1 -DHAVE_INTTYPES_H=1 -DHAVE_STDINT_H=1 -DHAVE_UNISTD_H=1 -DHAVE_GPM_H=1 -DHAVE_LIBZ=1 -DHAVE_TERMIOS_H=1 -DHAVE_SYS_SOUNDCARD_H=1 -DHAVE_SYS_IOCTL_H=1 -DHAVE_UTMP_H=1'
ECHO_C=''
ECHO_N='-n'
ECHO_T=''
EGREP='/usr/bin/grep -E'
EXEEXT=''
GREP='/usr/bin/grep'
LDFLAGS=''
LIBOBJS=''
LIBS='-lz  -lgpm'
LTLIBOBJS=''
OBJEXT='o'
OBJS='misc.o id3.o fork.o player.o cconfig.o filelist.o playlist.o main.o lirc_client.o rc.o mixer.o'
PACKAGE_BUGREPORT=''
PACKAGE_NAME=''
PACKAGE_STRING=''
PACKAGE_TARNAME=''
PACKAGE_URL=''
PACKAGE_VERSION=''
PATH_SEPARATOR=':'
SHELL='/bin/sh'
ac_ct_CC='gcc'
bindir='/usr/bin'
build_alias=''
datadir='${datarootdir}'
datarootdir='${prefix}/share'
docdir='${datarootdir}/doc/${PACKAGE}'
dvidir='${docdir}'
exec_prefix='${prefix}'
host_alias=''
htmldir='${docdir}'
includedir='${prefix}/include'
infodir='${datarootdir}/info'
libdir='${exec_prefix}/lib'
libexecdir='${exec_prefix}/libexec'
localedir='${datarootdir}/locale'
localstatedir='${prefix}/var'
mandir='${datarootdir}/man'
oldincludedir='/usr/include'
pdfdir='${docdir}'
prefix='/usr/local'
program_transform_name='s,x,x,'
psdir='${docdir}'
sbindir='${exec_prefix}/sbin'
sharedstatedir='${prefix}/com'
sysconfdir='${prefix}/etc'
target_alias=''

## ----------- ##
## confdefs.h. ##
## ----------- ##

/* confdefs.h */
#define PACKAGE_NAME ""
#define PACKAGE_TARNAME ""
#define PACKAGE_VERSION ""
#define PACKAGE_STRING ""
#define PACKAGE_BUGREPORT ""
#define PACKAGE_URL ""
#define HAVE_IOPERM 1
#define STDC_HEADERS 1
#define HAVE_SYS_TYPES_H 1
#define HAVE_SYS_STAT_H 1
#define HAVE_STDLIB_H 1
#define HAVE_STRING_H 1
#define HAVE_MEMORY_H 1
#define HAVE_STRINGS_H 1
#define HAVE_INTTYPES_H 1
#define HAVE_STDINT_H 1
#define HAVE_UNISTD_H 1
#define HAVE_GPM_H 1
#define HAVE_LIBZ 1
#define HAVE_TERMIOS_H 1
#define HAVE_SYS_SOUNDCARD_H 1
#define HAVE_SYS_IOCTL_H 1
#define HAVE_UTMP_H 1

configure: exit 0
